<?xml version="1.0" encoding="UTF-8"?>
<testng-results ignored="0" total="1" passed="1" failed="0" skipped="0">
  <reporter-output>
  </reporter-output>
  <suite started-at="2022-10-30T09:59:14 IST" name="Default suite" finished-at="2022-10-30T09:59:21 IST" duration-ms="7243">
    <groups>
    </groups>
    <test started-at="2022-10-30T09:59:14 IST" name="Default test" finished-at="2022-10-30T09:59:21 IST" duration-ms="7243">
      <class name="sel3.Question4">
        <test-method is-config="true" signature="launch()[pri:0, instance:sel3.Question4@343570b7]" started-at="2022-10-30T09:59:14 IST" name="launch" finished-at="2022-10-30T09:59:21 IST" duration-ms="6934" status="PASS">
          <reporter-output>
          </reporter-output>
        </test-method> <!-- launch -->
        <test-method signature="TTN_scroll_method3()[pri:0, instance:sel3.Question4@343570b7]" started-at="2022-10-30T09:59:21 IST" name="TTN_scroll_method3" finished-at="2022-10-30T09:59:21 IST" duration-ms="15" status="PASS">
          <reporter-output>
          </reporter-output>
        </test-method> <!-- TTN_scroll_method3 -->
        <test-method is-config="true" signature="Close()[pri:0, instance:sel3.Question4@343570b7]" started-at="2022-10-30T09:59:21 IST" name="Close" finished-at="2022-10-30T09:59:21 IST" duration-ms="265" status="PASS">
          <reporter-output>
          </reporter-output>
        </test-method> <!-- Close -->
      </class> <!-- sel3.Question4 -->
    </test> <!-- Default test -->
  </suite> <!-- Default suite -->
</testng-results>
